[2020-07-31 15:50:39.864] [exthost] [info] extension host started
[2020-07-31 15:50:40.407] [exthost] [info] ExtensionService#_doActivateExtension vscode.debug-auto-launch {"startup":true,"extensionId":{"value":"vscode.debug-auto-launch","_lower":"vscode.debug-auto-launch"},"activationEvent":"*"}
[2020-07-31 15:50:40.421] [exthost] [info] ExtensionService#loadCommonJSModule file:///usr/share/code-oss/resources/app/extensions/debug-auto-launch/dist/extension
[2020-07-31 15:50:40.489] [exthost] [info] ExtensionService#_doActivateExtension vscode.emmet {"startup":true,"extensionId":{"value":"vscode.emmet","_lower":"vscode.emmet"},"activationEvent":"*"}
[2020-07-31 15:50:40.490] [exthost] [info] ExtensionService#loadCommonJSModule file:///usr/share/code-oss/resources/app/extensions/emmet/dist/extension
[2020-07-31 15:50:40.691] [exthost] [info] ExtensionService#_doActivateExtension vscode.git {"startup":true,"extensionId":{"value":"vscode.git","_lower":"vscode.git"},"activationEvent":"*"}
[2020-07-31 15:50:40.692] [exthost] [info] ExtensionService#loadCommonJSModule file:///usr/share/code-oss/resources/app/extensions/git/dist/main
[2020-07-31 15:50:41.191] [exthost] [info] ExtensionService#_doActivateExtension vscode.github-authentication {"startup":true,"extensionId":{"value":"vscode.github-authentication","_lower":"vscode.github-authentication"},"activationEvent":"*"}
[2020-07-31 15:50:41.192] [exthost] [info] ExtensionService#loadCommonJSModule file:///usr/share/code-oss/resources/app/extensions/github-authentication/dist/extension.js
[2020-07-31 15:50:41.214] [exthost] [info] ExtensionService#_doActivateExtension vscode.merge-conflict {"startup":true,"extensionId":{"value":"vscode.merge-conflict","_lower":"vscode.merge-conflict"},"activationEvent":"*"}
[2020-07-31 15:50:41.214] [exthost] [info] ExtensionService#loadCommonJSModule file:///usr/share/code-oss/resources/app/extensions/merge-conflict/dist/extension
[2020-07-31 15:50:41.235] [exthost] [info] ExtensionService#_doActivateExtension vscode.search-result {"startup":true,"extensionId":{"value":"vscode.search-result","_lower":"vscode.search-result"},"activationEvent":"*"}
[2020-07-31 15:50:41.236] [exthost] [info] ExtensionService#loadCommonJSModule file:///usr/share/code-oss/resources/app/extensions/search-result/dist/extension.js
[2020-07-31 15:50:41.242] [exthost] [info] ExtensionService#_doActivateExtension vscode.vscode-account {"startup":true,"extensionId":{"value":"vscode.vscode-account","_lower":"vscode.vscode-account"},"activationEvent":"*"}
[2020-07-31 15:50:41.243] [exthost] [info] ExtensionService#loadCommonJSModule file:///usr/share/code-oss/resources/app/extensions/vscode-account/dist/extension.js
[2020-07-31 15:50:41.272] [exthost] [info] eager extensions activated
[2020-07-31 15:51:08.569] [exthost] [info] ExtensionService#_doActivateExtension vscode.configuration-editing {"startup":false,"extensionId":{"value":"vscode.configuration-editing","_lower":"vscode.configuration-editing"},"activationEvent":"onLanguage:jsonc"}
[2020-07-31 15:51:08.570] [exthost] [info] ExtensionService#loadCommonJSModule file:///usr/share/code-oss/resources/app/extensions/configuration-editing/dist/extension
[2020-07-31 15:51:08.587] [exthost] [info] ExtensionService#_doActivateExtension vscode.json-language-features {"startup":false,"extensionId":{"value":"vscode.json-language-features","_lower":"vscode.json-language-features"},"activationEvent":"onLanguage:jsonc"}
[2020-07-31 15:51:08.588] [exthost] [info] ExtensionService#loadCommonJSModule file:///usr/share/code-oss/resources/app/extensions/json-language-features/client/dist/jsonMain
[2020-07-31 15:51:08.790] [exthost] [info] ExtensionService#_doActivateExtension vscode.typescript-language-features {"startup":false,"extensionId":{"value":"vscode.typescript-language-features","_lower":"vscode.typescript-language-features"},"activationEvent":"onLanguage:jsonc"}
[2020-07-31 15:51:08.790] [exthost] [info] ExtensionService#loadCommonJSModule file:///usr/share/code-oss/resources/app/extensions/typescript-language-features/dist/extension
